[debug] [2024-10-13T20:00:26.460Z] ----------------------------------------------------------------------
[debug] [2024-10-13T20:00:26.466Z] Command:       C:\Program Files\nodejs\node.exe C:\Users\User\AppData\Roaming\npm\node_modules\firebase-tools\lib\bin\firebase.js init
[debug] [2024-10-13T20:00:26.466Z] CLI Version:   13.22.0
[debug] [2024-10-13T20:00:26.467Z] Platform:      win32
[debug] [2024-10-13T20:00:26.467Z] Node Version:  v20.12.2
[debug] [2024-10-13T20:00:26.467Z] Time:          Sun Oct 13 2024 14:00:26 GMT-0600 (hora estándar central)
[debug] [2024-10-13T20:00:26.467Z] ----------------------------------------------------------------------
[debug] 
[debug] [2024-10-13T20:00:26.626Z] > command requires scopes: ["email","openid","https://www.googleapis.com/auth/cloudplatformprojects.readonly","https://www.googleapis.com/auth/firebase","https://www.googleapis.com/auth/cloud-platform"]
[debug] [2024-10-13T20:00:26.627Z] > authorizing via signed-in user (kathkien24@gmail.com)
[info] 
     ######## #### ########  ######## ########     ###     ######  ########
     ##        ##  ##     ## ##       ##     ##  ##   ##  ##       ##
     ######    ##  ########  ######   ########  #########  ######  ######
     ##        ##  ##    ##  ##       ##     ## ##     ##       ## ##
     ##       #### ##     ## ######## ########  ##     ##  ######  ########

You're about to initialize a Firebase project in this directory:

  C:\Users\User\Documents\GitHub\HeartBeatPsychology2\heartbeat

Before we get started, keep in mind:

  * You are initializing within an existing Firebase project directory

[info] 
=== Project Setup
[info] 
[info] First, let's associate this project directory with a Firebase project.
[info] You can create multiple project aliases by running firebase use --add, 
[info] but for now we'll just set up a default project.
[info] 
[debug] [2024-10-13T20:00:44.722Z] Using project from CLI flag: heartbeat-ff81e
[debug] [2024-10-13T20:00:44.725Z] Checked if tokens are valid: true, expires at: 1728850997390
[debug] [2024-10-13T20:00:44.726Z] Checked if tokens are valid: true, expires at: 1728850997390
[debug] [2024-10-13T20:00:44.735Z] >>> [apiv2][query] GET https://firebase.googleapis.com/v1beta1/projects/heartbeat-ff81e [none]
[debug] [2024-10-13T20:00:45.938Z] <<< [apiv2][status] GET https://firebase.googleapis.com/v1beta1/projects/heartbeat-ff81e 200
[debug] [2024-10-13T20:00:45.939Z] <<< [apiv2][body] GET https://firebase.googleapis.com/v1beta1/projects/heartbeat-ff81e {"projectId":"heartbeat-ff81e","projectNumber":"279727767496","displayName":"HeartBeat","name":"projects/heartbeat-ff81e","resources":{"hostingSite":"heartbeat-ff81e","storageBucket":"heartbeat-ff81e.appspot.com","locationId":"us-central"},"state":"ACTIVE","etag":"1_d62887b4-c9da-41e2-a45f-547acce840ff"}
[info] i  Using project heartbeat-ff81e (HeartBeat) 
[info] 
=== Hosting Setup
[debug] [2024-10-13T20:00:45.961Z] Checked if tokens are valid: true, expires at: 1728850997390
[debug] [2024-10-13T20:00:45.961Z] Checked if tokens are valid: true, expires at: 1728850997390
[debug] [2024-10-13T20:00:45.962Z] >>> [apiv2][query] GET https://firebase.googleapis.com/v1beta1/projects/heartbeat-ff81e [none]
[debug] [2024-10-13T20:00:46.293Z] <<< [apiv2][status] GET https://firebase.googleapis.com/v1beta1/projects/heartbeat-ff81e 200
[debug] [2024-10-13T20:00:46.293Z] <<< [apiv2][body] GET https://firebase.googleapis.com/v1beta1/projects/heartbeat-ff81e {"projectId":"heartbeat-ff81e","projectNumber":"279727767496","displayName":"HeartBeat","name":"projects/heartbeat-ff81e","resources":{"hostingSite":"heartbeat-ff81e","storageBucket":"heartbeat-ff81e.appspot.com","locationId":"us-central"},"state":"ACTIVE","etag":"1_d62887b4-c9da-41e2-a45f-547acce840ff"}
[info] 
[info] Your public directory is the folder (relative to your project directory) that
[info] will contain Hosting assets to be uploaded with firebase deploy. If you
[info] have a build process for your assets, use your build's output directory.
[info] 
